<?xml version="1.0" encoding="UTF-8"?>
<!-- Generated by org.testng.reporters.JUnitReportReporter -->
<testsuite hostname="LAPTOP-8LT6TNQ5" failures="0" tests="4" name="com.comcast.cr.parallelExecution.Contact_Parallel" time="-1742893184.000" errors="1" timestamp="2025-03-25T14:30:35 IST" skipped="3">
  <testcase classname="com.comcast.cr.parallelExecution.Contact_Parallel" name="createcontactWithDate" time="0.000">
    <skipped/>
  </testcase> <!-- createcontactWithDate -->
  <system-out/>
  <testcase classname="com.comcast.cr.parallelExecution.Contact_Parallel" name="beforeclass" time="-1742893184.000">
    <error message="
Parameter &#039;BROWSER&#039; is required by BeforeClass on method beforeclass but has not been marked @Optional or defined
in C:\Users\USER\AppData\Local\Temp\testng-eclipse--2050861904\testng-customsuite.xml" type="org.testng.TestNGException">
      <![CDATA[org.testng.TestNGException: 
Parameter 'BROWSER' is required by BeforeClass on method beforeclass but has not been marked @Optional or defined
in C:\Users\USER\AppData\Local\Temp\testng-eclipse--2050861904\testng-customsuite.xml
at org.testng.internal.Parameters.createParams(Parameters.java:270)
at org.testng.internal.Parameters.createParametersForMethod(Parameters.java:358)
at org.testng.internal.Parameters.createParameters(Parameters.java:700)
at org.testng.internal.Parameters.createConfigurationParameters(Parameters.java:168)
at org.testng.internal.ConfigInvoker.invokeConfigurations(ConfigInvoker.java:302)
at org.testng.internal.TestMethodWorker.invokeBeforeClassMethods(TestMethodWorker.java:176)
at org.testng.internal.TestMethodWorker.run(TestMethodWorker.java:122)
at java.base/java.util.ArrayList.forEach(ArrayList.java:1597)
at org.testng.TestRunner.privateRun(TestRunner.java:794)
at org.testng.TestRunner.run(TestRunner.java:596)
at org.testng.SuiteRunner.runTest(SuiteRunner.java:377)
at org.testng.SuiteRunner.runSequentially(SuiteRunner.java:371)
at org.testng.SuiteRunner.privateRun(SuiteRunner.java:332)
at org.testng.SuiteRunner.run(SuiteRunner.java:276)
at org.testng.SuiteRunnerWorker.runSuite(SuiteRunnerWorker.java:53)
at org.testng.SuiteRunnerWorker.run(SuiteRunnerWorker.java:96)
at org.testng.TestNG.runSuitesSequentially(TestNG.java:1212)
at org.testng.TestNG.runSuitesLocally(TestNG.java:1134)
at org.testng.TestNG.runSuites(TestNG.java:1063)
at org.testng.TestNG.run(TestNG.java:1031)
at org.testng.remote.AbstractRemoteTestNG.run(AbstractRemoteTestNG.java:115)
at org.testng.remote.RemoteTestNG.initAndRun(RemoteTestNG.java:293)
at org.testng.remote.RemoteTestNG.main(RemoteTestNG.java:91)
]]>
    </error>
  </testcase> <!-- beforeclass -->
  <system-out/>
  <testcase classname="com.comcast.cr.parallelExecution.Contact_Parallel" name="createcontactWithOrg" time="0.000">
    <skipped/>
  </testcase> <!-- createcontactWithOrg -->
  <system-out/>
  <testcase classname="com.comcast.cr.parallelExecution.Contact_Parallel" name="createContactTest" time="0.000">
    <skipped/>
  </testcase> <!-- createContactTest -->
  <system-out/>
</testsuite> <!-- com.comcast.cr.parallelExecution.Contact_Parallel -->
