<?xml version="1.0" encoding="UTF-8"?>
<!-- Generated by org.testng.reporters.JUnitXMLReporter -->
<testsuite ignored="0" hostname="DESKTOP-660TC1S" failures="1" tests="6" name="Default test(failed)" time="0.098" errors="0" timestamp="2025-03-07T17:34:34 IST">
  <testcase classname="com.comcast.crm.screenshot_retryAnalyzer.InvoiceList_Retry" name="createInvoiceTest" time="0.02">
    <skipped/>
  </testcase> <!-- createInvoiceTest -->
  <testcase classname="com.comcast.crm.screenshot_retryAnalyzer.InvoiceList_Retry" name="createInvoiceTest" time="0.002">
    <skipped/>
  </testcase> <!-- createInvoiceTest -->
  <testcase classname="com.comcast.crm.screenshot_retryAnalyzer.InvoiceList_Retry" name="createInvoiceTest" time="0.002">
    <skipped/>
  </testcase> <!-- createInvoiceTest -->
  <testcase classname="com.comcast.crm.screenshot_retryAnalyzer.InvoiceList_Retry" name="createInvoiceTest" time="0.003">
    <skipped/>
  </testcase> <!-- createInvoiceTest -->
  <testcase classname="com.comcast.crm.screenshot_retryAnalyzer.InvoiceList_Retry" name="createInvoiceTest" time="0.002">
    <skipped/>
  </testcase> <!-- createInvoiceTest -->
  <testcase classname="com.comcast.crm.screenshot_retryAnalyzer.InvoiceList_Retry" name="createInvoiceTest" time="0.003">
    <failure type="java.lang.AssertionError" message="expected [false] but found [step]">
      <![CDATA[java.lang.AssertionError: expected [false] but found [step]
at com.comcast.crm.screenshot_retryAnalyzer.InvoiceList_Retry.createInvoiceTest(InvoiceList_Retry.java:17)
at java.base/java.util.ArrayList.forEach(ArrayList.java:1511)
... Removed 30 stack frames]]>
    </failure>
  </testcase> <!-- createInvoiceTest -->
</testsuite> <!-- Default test(failed) -->
